<?xml version="1.0" encoding="UTF-8"?>
<testsuite xmlns:xsi="http://www.w3.org/2001/XMLSchema-instance" xsi:noNamespaceSchemaLocation="https://maven.apache.org/surefire/maven-surefire-plugin/xsd/surefire-test-report.xsd" name="TestSuite" time="11.556" tests="1" errors="0" skipped="0" failures="0">
  <properties>
    <property name="sun.desktop" value="gnome"/>
    <property name="awt.toolkit" value="sun.awt.X11.XToolkit"/>
    <property name="java.specification.version" value="11"/>
    <property name="sun.cpu.isalist" value=""/>
    <property name="sun.jnu.encoding" value="UTF-8"/>
    <property name="java.class.path" value="/media/gurjeet/HDD/eclipse-workspace/Maps/target/test-classes:/media/gurjeet/HDD/eclipse-workspace/Maps/target/classes:/home/gurjeet/.m2/repository/org/junit/jupiter/junit-jupiter-engine/5.7.1/junit-jupiter-engine-5.7.1.jar:/home/gurjeet/.m2/repository/org/apiguardian/apiguardian-api/1.1.0/apiguardian-api-1.1.0.jar:/home/gurjeet/.m2/repository/org/junit/platform/junit-platform-engine/1.7.1/junit-platform-engine-1.7.1.jar:/home/gurjeet/.m2/repository/org/opentest4j/opentest4j/1.2.0/opentest4j-1.2.0.jar:/home/gurjeet/.m2/repository/org/junit/platform/junit-platform-commons/1.7.1/junit-platform-commons-1.7.1.jar:/home/gurjeet/.m2/repository/org/junit/jupiter/junit-jupiter-api/5.7.1/junit-jupiter-api-5.7.1.jar:/home/gurjeet/.m2/repository/org/junit/jupiter/junit-jupiter-params/5.7.1/junit-jupiter-params-5.7.1.jar:/home/gurjeet/.m2/repository/io/cucumber/cucumber-java/7.1.0/cucumber-java-7.1.0.jar:/home/gurjeet/.m2/repository/io/cucumber/cucumber-junit/7.1.0/cucumber-junit-7.1.0.jar:/home/gurjeet/.m2/repository/com/fasterxml/jackson/core/jackson-databind/2.13.1/jackson-databind-2.13.1.jar:/home/gurjeet/.m2/repository/com/fasterxml/jackson/core/jackson-annotations/2.13.1/jackson-annotations-2.13.1.jar:/home/gurjeet/.m2/repository/com/fasterxml/jackson/core/jackson-core/2.13.1/jackson-core-2.13.1.jar:/home/gurjeet/.m2/repository/org/testng/testng/7.4.0/testng-7.4.0.jar:/home/gurjeet/.m2/repository/com/beust/jcommander/1.78/jcommander-1.78.jar:/home/gurjeet/.m2/repository/org/webjars/jquery/3.5.1/jquery-3.5.1.jar:/home/gurjeet/.m2/repository/org/hamcrest/hamcrest-all/1.3/hamcrest-all-1.3.jar:/home/gurjeet/.m2/repository/io/rest-assured/rest-assured/4.4.0/rest-assured-4.4.0.jar:/home/gurjeet/.m2/repository/org/codehaus/groovy/groovy/3.0.8/groovy-3.0.8.jar:/home/gurjeet/.m2/repository/org/codehaus/groovy/groovy-xml/3.0.8/groovy-xml-3.0.8.jar:/home/gurjeet/.m2/repository/org/apache/httpcomponents/httpclient/4.5.13/httpclient-4.5.13.jar:/home/gurjeet/.m2/repository/org/apache/httpcomponents/httpcore/4.4.13/httpcore-4.4.13.jar:/home/gurjeet/.m2/repository/commons-logging/commons-logging/1.2/commons-logging-1.2.jar:/home/gurjeet/.m2/repository/commons-codec/commons-codec/1.11/commons-codec-1.11.jar:/home/gurjeet/.m2/repository/org/apache/httpcomponents/httpmime/4.5.13/httpmime-4.5.13.jar:/home/gurjeet/.m2/repository/org/hamcrest/hamcrest/2.1/hamcrest-2.1.jar:/home/gurjeet/.m2/repository/org/ccil/cowan/tagsoup/tagsoup/1.2.1/tagsoup-1.2.1.jar:/home/gurjeet/.m2/repository/io/rest-assured/json-path/4.4.0/json-path-4.4.0.jar:/home/gurjeet/.m2/repository/org/codehaus/groovy/groovy-json/3.0.8/groovy-json-3.0.8.jar:/home/gurjeet/.m2/repository/io/rest-assured/rest-assured-common/4.4.0/rest-assured-common-4.4.0.jar:/home/gurjeet/.m2/repository/io/rest-assured/xml-path/4.4.0/xml-path-4.4.0.jar:/home/gurjeet/.m2/repository/org/apache/commons/commons-lang3/3.11/commons-lang3-3.11.jar:/home/gurjeet/.m2/repository/jakarta/xml/bind/jakarta.xml.bind-api/2.3.3/jakarta.xml.bind-api-2.3.3.jar:/home/gurjeet/.m2/repository/jakarta/activation/jakarta.activation-api/1.2.2/jakarta.activation-api-1.2.2.jar:/home/gurjeet/.m2/repository/com/sun/xml/bind/jaxb-impl/2.3.3/jaxb-impl-2.3.3.jar:/home/gurjeet/.m2/repository/io/cucumber/cucumber-core/7.1.0/cucumber-core-7.1.0.jar:/home/gurjeet/.m2/repository/io/cucumber/cucumber-gherkin/7.1.0/cucumber-gherkin-7.1.0.jar:/home/gurjeet/.m2/repository/io/cucumber/cucumber-gherkin-messages/7.1.0/cucumber-gherkin-messages-7.1.0.jar:/home/gurjeet/.m2/repository/io/cucumber/messages/17.1.1/messages-17.1.1.jar:/home/gurjeet/.m2/repository/io/cucumber/tag-expressions/4.1.0/tag-expressions-4.1.0.jar:/home/gurjeet/.m2/repository/io/cucumber/cucumber-expressions/13.0.1/cucumber-expressions-13.0.1.jar:/home/gurjeet/.m2/repository/io/cucumber/datatable/7.1.0/datatable-7.1.0.jar:/home/gurjeet/.m2/repository/io/cucumber/cucumber-plugin/7.1.0/cucumber-plugin-7.1.0.jar:/home/gurjeet/.m2/repository/io/cucumber/docstring/7.1.0/docstring-7.1.0.jar:/home/gurjeet/.m2/repository/io/cucumber/html-formatter/17.0.0/html-formatter-17.0.0.jar:/home/gurjeet/.m2/repository/io/cucumber/create-meta/6.0.4/create-meta-6.0.4.jar:/home/gurjeet/.m2/repository/junit/junit/4.13.2/junit-4.13.2.jar:/home/gurjeet/.m2/repository/org/hamcrest/hamcrest-core/1.3/hamcrest-core-1.3.jar:"/>
    <property name="java.vm.vendor" value="Ubuntu"/>
    <property name="sun.arch.data.model" value="64"/>
    <property name="java.vendor.url" value="https://ubuntu.com/"/>
    <property name="user.timezone" value=""/>
    <property name="java.vm.specification.version" value="11"/>
    <property name="os.name" value="Linux"/>
    <property name="sun.java.launcher" value="SUN_STANDARD"/>
    <property name="user.country" value="IN"/>
    <property name="sun.boot.library.path" value="/usr/lib/jvm/java-11-openjdk-amd64/lib"/>
    <property name="sun.java.command" value="/media/gurjeet/HDD/eclipse-workspace/Maps/target/surefire/surefirebooter15754194442467943748.jar /media/gurjeet/HDD/eclipse-workspace/Maps/target/surefire 2021-12-23T15-02-46_827-jvmRun1 surefire12191766673231484696tmp surefire_015681526948457265181tmp"/>
    <property name="jdk.debug" value="release"/>
    <property name="surefire.test.class.path" value="/media/gurjeet/HDD/eclipse-workspace/Maps/target/test-classes:/media/gurjeet/HDD/eclipse-workspace/Maps/target/classes:/home/gurjeet/.m2/repository/org/junit/jupiter/junit-jupiter-engine/5.7.1/junit-jupiter-engine-5.7.1.jar:/home/gurjeet/.m2/repository/org/apiguardian/apiguardian-api/1.1.0/apiguardian-api-1.1.0.jar:/home/gurjeet/.m2/repository/org/junit/platform/junit-platform-engine/1.7.1/junit-platform-engine-1.7.1.jar:/home/gurjeet/.m2/repository/org/opentest4j/opentest4j/1.2.0/opentest4j-1.2.0.jar:/home/gurjeet/.m2/repository/org/junit/platform/junit-platform-commons/1.7.1/junit-platform-commons-1.7.1.jar:/home/gurjeet/.m2/repository/org/junit/jupiter/junit-jupiter-api/5.7.1/junit-jupiter-api-5.7.1.jar:/home/gurjeet/.m2/repository/org/junit/jupiter/junit-jupiter-params/5.7.1/junit-jupiter-params-5.7.1.jar:/home/gurjeet/.m2/repository/io/cucumber/cucumber-java/7.1.0/cucumber-java-7.1.0.jar:/home/gurjeet/.m2/repository/io/cucumber/cucumber-junit/7.1.0/cucumber-junit-7.1.0.jar:/home/gurjeet/.m2/repository/com/fasterxml/jackson/core/jackson-databind/2.13.1/jackson-databind-2.13.1.jar:/home/gurjeet/.m2/repository/com/fasterxml/jackson/core/jackson-annotations/2.13.1/jackson-annotations-2.13.1.jar:/home/gurjeet/.m2/repository/com/fasterxml/jackson/core/jackson-core/2.13.1/jackson-core-2.13.1.jar:/home/gurjeet/.m2/repository/org/testng/testng/7.4.0/testng-7.4.0.jar:/home/gurjeet/.m2/repository/com/beust/jcommander/1.78/jcommander-1.78.jar:/home/gurjeet/.m2/repository/org/webjars/jquery/3.5.1/jquery-3.5.1.jar:/home/gurjeet/.m2/repository/org/hamcrest/hamcrest-all/1.3/hamcrest-all-1.3.jar:/home/gurjeet/.m2/repository/io/rest-assured/rest-assured/4.4.0/rest-assured-4.4.0.jar:/home/gurjeet/.m2/repository/org/codehaus/groovy/groovy/3.0.8/groovy-3.0.8.jar:/home/gurjeet/.m2/repository/org/codehaus/groovy/groovy-xml/3.0.8/groovy-xml-3.0.8.jar:/home/gurjeet/.m2/repository/org/apache/httpcomponents/httpclient/4.5.13/httpclient-4.5.13.jar:/home/gurjeet/.m2/repository/org/apache/httpcomponents/httpcore/4.4.13/httpcore-4.4.13.jar:/home/gurjeet/.m2/repository/commons-logging/commons-logging/1.2/commons-logging-1.2.jar:/home/gurjeet/.m2/repository/commons-codec/commons-codec/1.11/commons-codec-1.11.jar:/home/gurjeet/.m2/repository/org/apache/httpcomponents/httpmime/4.5.13/httpmime-4.5.13.jar:/home/gurjeet/.m2/repository/org/hamcrest/hamcrest/2.1/hamcrest-2.1.jar:/home/gurjeet/.m2/repository/org/ccil/cowan/tagsoup/tagsoup/1.2.1/tagsoup-1.2.1.jar:/home/gurjeet/.m2/repository/io/rest-assured/json-path/4.4.0/json-path-4.4.0.jar:/home/gurjeet/.m2/repository/org/codehaus/groovy/groovy-json/3.0.8/groovy-json-3.0.8.jar:/home/gurjeet/.m2/repository/io/rest-assured/rest-assured-common/4.4.0/rest-assured-common-4.4.0.jar:/home/gurjeet/.m2/repository/io/rest-assured/xml-path/4.4.0/xml-path-4.4.0.jar:/home/gurjeet/.m2/repository/org/apache/commons/commons-lang3/3.11/commons-lang3-3.11.jar:/home/gurjeet/.m2/repository/jakarta/xml/bind/jakarta.xml.bind-api/2.3.3/jakarta.xml.bind-api-2.3.3.jar:/home/gurjeet/.m2/repository/jakarta/activation/jakarta.activation-api/1.2.2/jakarta.activation-api-1.2.2.jar:/home/gurjeet/.m2/repository/com/sun/xml/bind/jaxb-impl/2.3.3/jaxb-impl-2.3.3.jar:/home/gurjeet/.m2/repository/io/cucumber/cucumber-core/7.1.0/cucumber-core-7.1.0.jar:/home/gurjeet/.m2/repository/io/cucumber/cucumber-gherkin/7.1.0/cucumber-gherkin-7.1.0.jar:/home/gurjeet/.m2/repository/io/cucumber/cucumber-gherkin-messages/7.1.0/cucumber-gherkin-messages-7.1.0.jar:/home/gurjeet/.m2/repository/io/cucumber/messages/17.1.1/messages-17.1.1.jar:/home/gurjeet/.m2/repository/io/cucumber/tag-expressions/4.1.0/tag-expressions-4.1.0.jar:/home/gurjeet/.m2/repository/io/cucumber/cucumber-expressions/13.0.1/cucumber-expressions-13.0.1.jar:/home/gurjeet/.m2/repository/io/cucumber/datatable/7.1.0/datatable-7.1.0.jar:/home/gurjeet/.m2/repository/io/cucumber/cucumber-plugin/7.1.0/cucumber-plugin-7.1.0.jar:/home/gurjeet/.m2/repository/io/cucumber/docstring/7.1.0/docstring-7.1.0.jar:/home/gurjeet/.m2/repository/io/cucumber/html-formatter/17.0.0/html-formatter-17.0.0.jar:/home/gurjeet/.m2/repository/io/cucumber/create-meta/6.0.4/create-meta-6.0.4.jar:/home/gurjeet/.m2/repository/junit/junit/4.13.2/junit-4.13.2.jar:/home/gurjeet/.m2/repository/org/hamcrest/hamcrest-core/1.3/hamcrest-core-1.3.jar:"/>
    <property name="sun.cpu.endian" value="little"/>
    <property name="user.home" value="/home/gurjeet"/>
    <property name="user.language" value="en"/>
    <property name="java.specification.vendor" value="Oracle Corporation"/>
    <property name="java.version.date" value="2021-10-19"/>
    <property name="java.home" value="/usr/lib/jvm/java-11-openjdk-amd64"/>
    <property name="file.separator" value="/"/>
    <property name="basedir" value="/media/gurjeet/HDD/eclipse-workspace/Maps"/>
    <property name="java.vm.compressedOopsMode" value="32-bit"/>
    <property name="line.separator" value="&#10;"/>
    <property name="java.specification.name" value="Java Platform API Specification"/>
    <property name="java.vm.specification.vendor" value="Oracle Corporation"/>
    <property name="java.awt.graphicsenv" value="sun.awt.X11GraphicsEnvironment"/>
    <property name="surefire.real.class.path" value="/media/gurjeet/HDD/eclipse-workspace/Maps/target/surefire/surefirebooter15754194442467943748.jar"/>
    <property name="sun.management.compiler" value="HotSpot 64-Bit Tiered Compilers"/>
    <property name="java.runtime.version" value="11.0.13+8-Ubuntu-0ubuntu1.21.10"/>
    <property name="user.name" value="gurjeet"/>
    <property name="path.separator" value=":"/>
    <property name="os.version" value="5.13.0-22-generic"/>
    <property name="java.runtime.name" value="OpenJDK Runtime Environment"/>
    <property name="file.encoding" value="UTF-8"/>
    <property name="java.vm.name" value="OpenJDK 64-Bit Server VM"/>
    <property name="localRepository" value="/home/gurjeet/.m2/repository"/>
    <property name="java.vendor.url.bug" value="https://bugs.launchpad.net/ubuntu/+source/openjdk-lts"/>
    <property name="java.io.tmpdir" value="/tmp"/>
    <property name="java.version" value="11.0.13"/>
    <property name="user.dir" value="/media/gurjeet/HDD/eclipse-workspace/Maps"/>
    <property name="os.arch" value="amd64"/>
    <property name="java.vm.specification.name" value="Java Virtual Machine Specification"/>
    <property name="java.awt.printerjob" value="sun.print.PSPrinterJob"/>
    <property name="sun.os.patch.level" value="unknown"/>
    <property name="java.library.path" value="/usr/java/packages/lib:/usr/lib/x86_64-linux-gnu/jni:/lib/x86_64-linux-gnu:/usr/lib/x86_64-linux-gnu:/usr/lib/jni:/lib:/usr/lib"/>
    <property name="java.vm.info" value="mixed mode, sharing"/>
    <property name="java.vendor" value="Ubuntu"/>
    <property name="java.vm.version" value="11.0.13+8-Ubuntu-0ubuntu1.21.10"/>
    <property name="sun.io.unicode.encoding" value="UnicodeLittle"/>
    <property name="java.class.version" value="55.0"/>
  </properties>
  <testcase name="shouldAnswerWithTrue on shouldAnswerWithTrue(bdd.Maps.AppTest)" classname="bdd.Maps.AppTest" time="0.004"/>
</testsuite>