<?xml version="1.0" encoding="UTF-8"?>
<!-- Generated by org.testng.reporters.JUnitReportReporter -->
<testsuite hostname="mac" failures="0" tests="1" name="bdd.Maps.AppTest" time="0.018" errors="0" timestamp="2021-12-23T15:02:59 IST" skipped="0">
  <testcase classname="bdd.Maps.AppTest" name="shouldAnswerWithTrue" time="0.018"/>
  <system-out/>
</testsuite> <!-- bdd.Maps.AppTest -->
